Y2-Sem2/スマートフォンアプリ２/2024-01-12/FireBaseMemo2/app/build/intermediates/manifest_merge_blame_file/debug/manifest-merger-blame-debug-report.txt
1<?xml version="1.0" encoding="utf-8"?>
2<manifest xmlns:android="http://schemas.android.com/apk/res/android"
3    package="com.example.firebasememo"
4    android:versionCode="1"
5    android:versionName="1.0" >
6
7    <uses-sdk
8        android:minSdkVersion="30"
9        android:targetSdkVersion="34" />
10
11    <uses-permission android:name="android.permission.INTERNET" />
11-->src/main/AndroidManifest.xml:5:5-67
11-->src/main/AndroidManifest.xml:5:22-64
12    <uses-permission android:name="android.permission.ACCESS_NETWORK_STATE" />
12-->[com.firebaseui:firebase-ui-auth:7.2.0] AndroidManifest.xml:12:5-79
12-->[com.firebaseui:firebase-ui-auth:7.2.0] AndroidManifest.xml:12:22-76
13    <uses-permission android:name="android.permission.WAKE_LOCK" />
13-->[com.google.android.gms:play-services-measurement-api:21.3.0] AndroidManifest.xml:24:5-68
13-->[com.google.android.gms:play-services-measurement-api:21.3.0] AndroidManifest.xml:24:22-65
14    <uses-permission android:name="com.google.android.gms.permission.AD_ID" />
14-->[com.google.android.gms:play-services-measurement-api:21.3.0] AndroidManifest.xml:25:5-79
14-->[com.google.android.gms:play-services-measurement-api:21.3.0] AndroidManifest.xml:25:22-76
15    <uses-permission android:name="com.google.android.finsky.permission.BIND_GET_INSTALL_REFERRER_SERVICE" />
15-->[com.google.android.gms:play-services-measurement:21.3.0] AndroidManifest.xml:26:5-110
15-->[com.google.android.gms:play-services-measurement:21.3.0] AndroidManifest.xml:26:22-107
16
17    <permission
17-->[androidx.core:core:1.12.0] AndroidManifest.xml:22:5-24:47
18        android:name="com.example.firebasememo.DYNAMIC_RECEIVER_NOT_EXPORTED_PERMISSION"
18-->[androidx.core:core:1.12.0] AndroidManifest.xml:23:9-81
19        android:protectionLevel="signature" />
19-->[androidx.core:core:1.12.0] AndroidManifest.xml:24:9-44
20
21    <uses-permission android:name="com.example.firebasememo.DYNAMIC_RECEIVER_NOT_EXPORTED_PERMISSION" />
21-->[androidx.core:core:1.12.0] AndroidManifest.xml:26:5-97
21-->[androidx.core:core:1.12.0] AndroidManifest.xml:26:22-94
22
23    <application
23-->src/main/AndroidManifest.xml:7:5-38:19
24        android:allowBackup="true"
24-->src/main/AndroidManifest.xml:8:9-35
25        android:appComponentFactory="androidx.core.app.CoreComponentFactory"
25-->[androidx.core:core:1.12.0] AndroidManifest.xml:28:18-86
26        android:dataExtractionRules="@xml/data_extraction_rules"
26-->src/main/AndroidManifest.xml:9:9-65
27        android:debuggable="true"
28        android:extractNativeLibs="false"
29        android:fullBackupContent="@xml/backup_rules"
29-->src/main/AndroidManifest.xml:10:9-54
30        android:icon="@mipmap/ic_launcher"
30-->src/main/AndroidManifest.xml:11:9-43
31        android:label="@string/app_name"
31-->src/main/AndroidManifest.xml:12:9-41
32        android:roundIcon="@mipmap/ic_launcher_round"
32-->src/main/AndroidManifest.xml:13:9-54
33        android:supportsRtl="true"
33-->src/main/AndroidManifest.xml:14:9-35
34        android:testOnly="true"
35        android:theme="@style/Theme.FireBaseMemo" >
35-->src/main/AndroidManifest.xml:15:9-50
36        <activity
36-->src/main/AndroidManifest.xml:17:9-19:40
37            android:name="com.example.firebasememo.UserActivity"
37-->src/main/AndroidManifest.xml:18:13-41
38            android:exported="false" />
38-->src/main/AndroidManifest.xml:19:13-37
39        <activity
39-->src/main/AndroidManifest.xml:20:9-27:20
40            android:name="com.example.firebasememo.LoginActivity"
40-->src/main/AndroidManifest.xml:21:13-42
41            android:exported="true" >
41-->src/main/AndroidManifest.xml:22:13-36
42            <intent-filter>
42-->src/main/AndroidManifest.xml:23:13-26:29
43                <action android:name="android.intent.action.MAIN" />
43-->src/main/AndroidManifest.xml:24:17-68
43-->src/main/AndroidManifest.xml:24:25-66
44
45                <category android:name="android.intent.category.LAUNCHER" />
45-->src/main/AndroidManifest.xml:25:17-76
45-->src/main/AndroidManifest.xml:25:27-74
46            </intent-filter>
47        </activity>
48        <activity
48-->src/main/AndroidManifest.xml:29:9-37:20
49            android:name="com.example.firebasememo.MainActivity"
49-->src/main/AndroidManifest.xml:30:13-41
50            android:exported="true" >
50-->src/main/AndroidManifest.xml:31:13-36
51            <intent-filter>
51-->src/main/AndroidManifest.xml:23:13-26:29
52                <action android:name="android.intent.action.MAIN" />
52-->src/main/AndroidManifest.xml:24:17-68
52-->src/main/AndroidManifest.xml:24:25-66
53
54                <category android:name="android.intent.category.LAUNCHER" />
54-->src/main/AndroidManifest.xml:25:17-76
54-->src/main/AndroidManifest.xml:25:27-74
55            </intent-filter>
56        </activity>
57
58        <meta-data
58-->[com.firebaseui:firebase-ui-auth:7.2.0] AndroidManifest.xml:16:9-18:69
59            android:name="com.google.android.gms.version"
59-->[com.firebaseui:firebase-ui-auth:7.2.0] AndroidManifest.xml:17:13-58
60            android:value="@integer/google_play_services_version" />
60-->[com.firebaseui:firebase-ui-auth:7.2.0] AndroidManifest.xml:18:13-66
61        <meta-data
61-->[com.firebaseui:firebase-ui-auth:7.2.0] AndroidManifest.xml:19:9-21:63
62            android:name="com.facebook.sdk.ApplicationId"
62-->[com.firebaseui:firebase-ui-auth:7.2.0] AndroidManifest.xml:20:13-58
63            android:value="@string/facebook_application_id" />
63-->[com.firebaseui:firebase-ui-auth:7.2.0] AndroidManifest.xml:21:13-60
64
65        <activity
65-->[com.firebaseui:firebase-ui-auth:7.2.0] AndroidManifest.xml:23:9-27:61
66            android:name="com.firebase.ui.auth.KickoffActivity"
66-->[com.firebaseui:firebase-ui-auth:7.2.0] AndroidManifest.xml:24:13-64
67            android:exported="false"
67-->[com.firebaseui:firebase-ui-auth:7.2.0] AndroidManifest.xml:25:13-37
68            android:label=""
68-->[com.firebaseui:firebase-ui-auth:7.2.0] AndroidManifest.xml:26:13-29
69            android:theme="@style/FirebaseUI.Transparent" />
69-->[com.firebaseui:firebase-ui-auth:7.2.0] AndroidManifest.xml:27:13-58
70        <activity
70-->[com.firebaseui:firebase-ui-auth:7.2.0] AndroidManifest.xml:28:9-32:61
71            android:name="com.firebase.ui.auth.ui.idp.SingleSignInActivity"
71-->[com.firebaseui:firebase-ui-auth:7.2.0] AndroidManifest.xml:29:13-76
72            android:exported="false"
72-->[com.firebaseui:firebase-ui-auth:7.2.0] AndroidManifest.xml:30:13-37
73            android:label=""
73-->[com.firebaseui:firebase-ui-auth:7.2.0] AndroidManifest.xml:31:13-29
74            android:theme="@style/FirebaseUI.Transparent" />
74-->[com.firebaseui:firebase-ui-auth:7.2.0] AndroidManifest.xml:32:13-58
75        <activity
75-->[com.firebaseui:firebase-ui-auth:7.2.0] AndroidManifest.xml:33:9-37:61
76            android:name="com.firebase.ui.auth.ui.credentials.CredentialSaveActivity"
76-->[com.firebaseui:firebase-ui-auth:7.2.0] AndroidManifest.xml:34:13-86
77            android:exported="false"
77-->[com.firebaseui:firebase-ui-auth:7.2.0] AndroidManifest.xml:35:13-37
78            android:label=""
78-->[com.firebaseui:firebase-ui-auth:7.2.0] AndroidManifest.xml:36:13-29
79            android:theme="@style/FirebaseUI.Transparent" />
79-->[com.firebaseui:firebase-ui-auth:7.2.0] AndroidManifest.xml:37:13-58
80        <activity
80-->[com.firebaseui:firebase-ui-auth:7.2.0] AndroidManifest.xml:38:9-42:58
81            android:name="com.firebase.ui.auth.ui.email.RecoverPasswordActivity"
81-->[com.firebaseui:firebase-ui-auth:7.2.0] AndroidManifest.xml:39:13-81
82            android:exported="false"
82-->[com.firebaseui:firebase-ui-auth:7.2.0] AndroidManifest.xml:40:13-37
83            android:label="@string/fui_title_recover_password_activity"
83-->[com.firebaseui:firebase-ui-auth:7.2.0] AndroidManifest.xml:41:13-72
84            android:windowSoftInputMode="adjustResize" />
84-->[com.firebaseui:firebase-ui-auth:7.2.0] AndroidManifest.xml:42:13-55
85        <activity
85-->[com.firebaseui:firebase-ui-auth:7.2.0] AndroidManifest.xml:43:9-47:58
86            android:name="com.firebase.ui.auth.ui.email.EmailActivity"
86-->[com.firebaseui:firebase-ui-auth:7.2.0] AndroidManifest.xml:44:13-71
87            android:exported="false"
87-->[com.firebaseui:firebase-ui-auth:7.2.0] AndroidManifest.xml:45:13-37
88            android:label="@string/fui_sign_in_default"
88-->[com.firebaseui:firebase-ui-auth:7.2.0] AndroidManifest.xml:46:13-56
89            android:windowSoftInputMode="adjustResize" />
89-->[com.firebaseui:firebase-ui-auth:7.2.0] AndroidManifest.xml:47:13-55
90        <activity
90-->[com.firebaseui:firebase-ui-auth:7.2.0] AndroidManifest.xml:48:9-52:77
91            android:name="com.firebase.ui.auth.ui.phone.PhoneActivity"
91-->[com.firebaseui:firebase-ui-auth:7.2.0] AndroidManifest.xml:49:13-71
92            android:exported="false"
92-->[com.firebaseui:firebase-ui-auth:7.2.0] AndroidManifest.xml:50:13-37
93            android:label="@string/fui_sign_in_with_phone_number"
93-->[com.firebaseui:firebase-ui-auth:7.2.0] AndroidManifest.xml:51:13-66
94            android:windowSoftInputMode="adjustResize|stateAlwaysVisible" />
94-->[com.firebaseui:firebase-ui-auth:7.2.0] AndroidManifest.xml:52:13-74
95        <activity
95-->[com.firebaseui:firebase-ui-auth:7.2.0] AndroidManifest.xml:53:9-57:58
96            android:name="com.firebase.ui.auth.ui.idp.WelcomeBackIdpPrompt"
96-->[com.firebaseui:firebase-ui-auth:7.2.0] AndroidManifest.xml:54:13-76
97            android:exported="false"
97-->[com.firebaseui:firebase-ui-auth:7.2.0] AndroidManifest.xml:55:13-37
98            android:label="@string/fui_title_welcome_back_idp_prompt"
98-->[com.firebaseui:firebase-ui-auth:7.2.0] AndroidManifest.xml:56:13-70
99            android:windowSoftInputMode="adjustResize" />
99-->[com.firebaseui:firebase-ui-auth:7.2.0] AndroidManifest.xml:57:13-55
100        <activity
100-->[com.firebaseui:firebase-ui-auth:7.2.0] AndroidManifest.xml:58:9-62:58
101            android:name="com.firebase.ui.auth.ui.email.WelcomeBackPasswordPrompt"
101-->[com.firebaseui:firebase-ui-auth:7.2.0] AndroidManifest.xml:59:13-83
102            android:exported="false"
102-->[com.firebaseui:firebase-ui-auth:7.2.0] AndroidManifest.xml:60:13-37
103            android:label="@string/fui_title_welcome_back_password_prompt"
103-->[com.firebaseui:firebase-ui-auth:7.2.0] AndroidManifest.xml:61:13-75
104            android:windowSoftInputMode="adjustResize" />
104-->[com.firebaseui:firebase-ui-auth:7.2.0] AndroidManifest.xml:62:13-55
105        <activity
105-->[com.firebaseui:firebase-ui-auth:7.2.0] AndroidManifest.xml:63:9-67:58
106            android:name="com.firebase.ui.auth.ui.email.WelcomeBackEmailLinkPrompt"
106-->[com.firebaseui:firebase-ui-auth:7.2.0] AndroidManifest.xml:64:13-84
107            android:exported="false"
107-->[com.firebaseui:firebase-ui-auth:7.2.0] AndroidManifest.xml:65:13-37
108            android:label="@string/fui_title_welcome_back_password_prompt"
108-->[com.firebaseui:firebase-ui-auth:7.2.0] AndroidManifest.xml:66:13-75
109            android:windowSoftInputMode="adjustResize" />
109-->[com.firebaseui:firebase-ui-auth:7.2.0] AndroidManifest.xml:67:13-55
110        <activity
110-->[com.firebaseui:firebase-ui-auth:7.2.0] AndroidManifest.xml:68:9-73:58
111            android:name="com.firebase.ui.auth.ui.email.EmailLinkCatcherActivity"
111-->[com.firebaseui:firebase-ui-auth:7.2.0] AndroidManifest.xml:69:13-82
112            android:exported="false"
112-->[com.firebaseui:firebase-ui-auth:7.2.0] AndroidManifest.xml:70:13-37
113            android:label=""
113-->[com.firebaseui:firebase-ui-auth:7.2.0] AndroidManifest.xml:71:13-29
114            android:theme="@style/FirebaseUI.Transparent"
114-->[com.firebaseui:firebase-ui-auth:7.2.0] AndroidManifest.xml:72:13-58
115            android:windowSoftInputMode="adjustResize" />
115-->[com.firebaseui:firebase-ui-auth:7.2.0] AndroidManifest.xml:73:13-55
116        <activity
116-->[com.firebaseui:firebase-ui-auth:7.2.0] AndroidManifest.xml:74:9-78:58
117            android:name="com.firebase.ui.auth.ui.email.EmailLinkErrorRecoveryActivity"
117-->[com.firebaseui:firebase-ui-auth:7.2.0] AndroidManifest.xml:75:13-88
118            android:exported="false"
118-->[com.firebaseui:firebase-ui-auth:7.2.0] AndroidManifest.xml:76:13-37
119            android:label="@string/fui_sign_in_default"
119-->[com.firebaseui:firebase-ui-auth:7.2.0] AndroidManifest.xml:77:13-56
120            android:windowSoftInputMode="adjustResize" />
120-->[com.firebaseui:firebase-ui-auth:7.2.0] AndroidManifest.xml:78:13-55
121        <activity
121-->[com.firebaseui:firebase-ui-auth:7.2.0] AndroidManifest.xml:79:9-82:65
122            android:name="com.firebase.ui.auth.ui.idp.AuthMethodPickerActivity"
122-->[com.firebaseui:firebase-ui-auth:7.2.0] AndroidManifest.xml:80:13-80
123            android:exported="false"
123-->[com.firebaseui:firebase-ui-auth:7.2.0] AndroidManifest.xml:81:13-37
124            android:label="@string/fui_default_toolbar_title" />
124-->[com.firebaseui:firebase-ui-auth:7.2.0] AndroidManifest.xml:82:13-62
125        <activity
125-->[com.firebaseui:firebase-ui-auth:7.2.0] AndroidManifest.xml:83:9-87:48
126            android:name="com.facebook.FacebookActivity"
126-->[com.firebaseui:firebase-ui-auth:7.2.0] AndroidManifest.xml:84:13-57
127            android:configChanges="keyboard|keyboardHidden|screenLayout|screenSize|orientation"
127-->[com.firebaseui:firebase-ui-auth:7.2.0] AndroidManifest.xml:85:13-96
128            android:label="@string/app_name" />
128-->[com.firebaseui:firebase-ui-auth:7.2.0] AndroidManifest.xml:86:13-45
129        <activity
129-->[com.firebaseui:firebase-ui-auth:7.2.0] AndroidManifest.xml:88:9-100:20
130            android:name="com.facebook.CustomTabActivity"
130-->[com.firebaseui:firebase-ui-auth:7.2.0] AndroidManifest.xml:89:13-58
131            android:exported="true" >
131-->[com.firebaseui:firebase-ui-auth:7.2.0] AndroidManifest.xml:90:13-36
132            <intent-filter>
132-->[com.firebaseui:firebase-ui-auth:7.2.0] AndroidManifest.xml:92:13-99:29
133                <action android:name="android.intent.action.VIEW" />
133-->[com.firebaseui:firebase-ui-auth:7.2.0] AndroidManifest.xml:93:17-69
133-->[com.firebaseui:firebase-ui-auth:7.2.0] AndroidManifest.xml:93:25-66
134
135                <category android:name="android.intent.category.DEFAULT" />
135-->[com.firebaseui:firebase-ui-auth:7.2.0] AndroidManifest.xml:95:17-76
135-->[com.firebaseui:firebase-ui-auth:7.2.0] AndroidManifest.xml:95:27-73
136                <category android:name="android.intent.category.BROWSABLE" />
136-->[com.firebaseui:firebase-ui-auth:7.2.0] AndroidManifest.xml:96:17-78
136-->[com.firebaseui:firebase-ui-auth:7.2.0] AndroidManifest.xml:96:27-75
137
138                <data android:scheme="@string/facebook_login_protocol_scheme" />
138-->[com.firebaseui:firebase-ui-auth:7.2.0] AndroidManifest.xml:98:17-81
138-->[com.firebaseui:firebase-ui-auth:7.2.0] AndroidManifest.xml:98:23-78
139            </intent-filter>
140        </activity>
141
142        <provider
142-->[com.firebaseui:firebase-ui-auth:7.2.0] AndroidManifest.xml:102:9-106:38
143            android:name="com.firebase.ui.auth.data.client.AuthUiInitProvider"
143-->[com.firebaseui:firebase-ui-auth:7.2.0] AndroidManifest.xml:103:13-79
144            android:authorities="com.example.firebasememo.authuiinitprovider"
144-->[com.firebaseui:firebase-ui-auth:7.2.0] AndroidManifest.xml:104:13-70
145            android:exported="false"
145-->[com.firebaseui:firebase-ui-auth:7.2.0] AndroidManifest.xml:105:13-37
146            android:initOrder="90" />
146-->[com.firebaseui:firebase-ui-auth:7.2.0] AndroidManifest.xml:106:13-35
147
148        <service
148-->[com.google.firebase:firebase-database-ktx:20.3.0] AndroidManifest.xml:9:9-15:19
149            android:name="com.google.firebase.components.ComponentDiscoveryService"
149-->[com.google.firebase:firebase-database-ktx:20.3.0] AndroidManifest.xml:10:13-84
150            android:directBootAware="true"
150-->[com.google.firebase:firebase-common:20.4.2] AndroidManifest.xml:32:13-43
151            android:exported="false" >
151-->[com.google.firebase:firebase-database-ktx:20.3.0] AndroidManifest.xml:11:13-37
152            <meta-data
152-->[com.google.firebase:firebase-database-ktx:20.3.0] AndroidManifest.xml:12:13-14:85
153                android:name="com.google.firebase.components:com.google.firebase.database.ktx.FirebaseDatabaseLegacyRegistrar"
153-->[com.google.firebase:firebase-database-ktx:20.3.0] AndroidManifest.xml:13:17-127
154                android:value="com.google.firebase.components.ComponentRegistrar" />
154-->[com.google.firebase:firebase-database-ktx:20.3.0] AndroidManifest.xml:14:17-82
155            <meta-data
155-->[com.google.firebase:firebase-storage-ktx:20.3.0] AndroidManifest.xml:12:13-14:85
156                android:name="com.google.firebase.components:com.google.firebase.storage.ktx.FirebaseStorageLegacyRegistrar"
156-->[com.google.firebase:firebase-storage-ktx:20.3.0] AndroidManifest.xml:13:17-125
157                android:value="com.google.firebase.components.ComponentRegistrar" />
157-->[com.google.firebase:firebase-storage-ktx:20.3.0] AndroidManifest.xml:14:17-82
158            <meta-data
158-->[com.google.firebase:firebase-firestore-ktx:24.10.0] AndroidManifest.xml:12:13-14:85
159                android:name="com.google.firebase.components:com.google.firebase.firestore.ktx.FirebaseFirestoreLegacyRegistrar"
159-->[com.google.firebase:firebase-firestore-ktx:24.10.0] AndroidManifest.xml:13:17-129
160                android:value="com.google.firebase.components.ComponentRegistrar" />
160-->[com.google.firebase:firebase-firestore-ktx:24.10.0] AndroidManifest.xml:14:17-82
161            <meta-data
161-->[com.google.firebase:firebase-database:20.3.0] AndroidManifest.xml:29:13-31:85
162                android:name="com.google.firebase.components:com.google.firebase.database.FirebaseDatabaseKtxRegistrar"
162-->[com.google.firebase:firebase-database:20.3.0] AndroidManifest.xml:30:17-120
163                android:value="com.google.firebase.components.ComponentRegistrar" />
163-->[com.google.firebase:firebase-database:20.3.0] AndroidManifest.xml:31:17-82
164            <meta-data
164-->[com.google.firebase:firebase-database:20.3.0] AndroidManifest.xml:32:13-34:85
165                android:name="com.google.firebase.components:com.google.firebase.database.DatabaseRegistrar"
165-->[com.google.firebase:firebase-database:20.3.0] AndroidManifest.xml:33:17-109
166                android:value="com.google.firebase.components.ComponentRegistrar" />
166-->[com.google.firebase:firebase-database:20.3.0] AndroidManifest.xml:34:17-82
167            <meta-data
167-->[com.google.firebase:firebase-storage:20.3.0] AndroidManifest.xml:30:13-32:85
168                android:name="com.google.firebase.components:com.google.firebase.storage.FirebaseStorageKtxRegistrar"
168-->[com.google.firebase:firebase-storage:20.3.0] AndroidManifest.xml:31:17-118
169                android:value="com.google.firebase.components.ComponentRegistrar" />
169-->[com.google.firebase:firebase-storage:20.3.0] AndroidManifest.xml:32:17-82
170            <meta-data
170-->[com.google.firebase:firebase-storage:20.3.0] AndroidManifest.xml:33:13-35:85
171                android:name="com.google.firebase.components:com.google.firebase.storage.StorageRegistrar"
171-->[com.google.firebase:firebase-storage:20.3.0] AndroidManifest.xml:34:17-107
172                android:value="com.google.firebase.components.ComponentRegistrar" />
172-->[com.google.firebase:firebase-storage:20.3.0] AndroidManifest.xml:35:17-82
173            <meta-data
173-->[com.google.firebase:firebase-firestore:24.10.0] AndroidManifest.xml:17:13-19:85
174                android:name="com.google.firebase.components:com.google.firebase.firestore.FirebaseFirestoreKtxRegistrar"
174-->[com.google.firebase:firebase-firestore:24.10.0] AndroidManifest.xml:18:17-122
175                android:value="com.google.firebase.components.ComponentRegistrar" />
175-->[com.google.firebase:firebase-firestore:24.10.0] AndroidManifest.xml:19:17-82
176            <meta-data
176-->[com.google.firebase:firebase-firestore:24.10.0] AndroidManifest.xml:20:13-22:85
177                android:name="com.google.firebase.components:com.google.firebase.firestore.FirestoreRegistrar"
177-->[com.google.firebase:firebase-firestore:24.10.0] AndroidManifest.xml:21:17-111
178                android:value="com.google.firebase.components.ComponentRegistrar" />
178-->[com.google.firebase:firebase-firestore:24.10.0] AndroidManifest.xml:22:17-82
179            <meta-data
179-->[com.google.firebase:firebase-appcheck:17.1.0] AndroidManifest.xml:25:13-27:85
180                android:name="com.google.firebase.components:com.google.firebase.appcheck.FirebaseAppCheckKtxRegistrar"
180-->[com.google.firebase:firebase-appcheck:17.1.0] AndroidManifest.xml:26:17-120
181                android:value="com.google.firebase.components.ComponentRegistrar" />
181-->[com.google.firebase:firebase-appcheck:17.1.0] AndroidManifest.xml:27:17-82
182            <meta-data
182-->[com.google.firebase:firebase-appcheck:17.1.0] AndroidManifest.xml:28:13-30:85
183                android:name="com.google.firebase.components:com.google.firebase.appcheck.FirebaseAppCheckRegistrar"
183-->[com.google.firebase:firebase-appcheck:17.1.0] AndroidManifest.xml:29:17-117
184                android:value="com.google.firebase.components.ComponentRegistrar" />
184-->[com.google.firebase:firebase-appcheck:17.1.0] AndroidManifest.xml:30:17-82
185            <meta-data
185-->[com.google.firebase:firebase-common-ktx:20.4.2] AndroidManifest.xml:12:13-14:85
186                android:name="com.google.firebase.components:com.google.firebase.ktx.FirebaseCommonLegacyRegistrar"
186-->[com.google.firebase:firebase-common-ktx:20.4.2] AndroidManifest.xml:13:17-116
187                android:value="com.google.firebase.components.ComponentRegistrar" />
187-->[com.google.firebase:firebase-common-ktx:20.4.2] AndroidManifest.xml:14:17-82
188            <meta-data
188-->[com.google.firebase:firebase-auth:22.1.2] AndroidManifest.xml:69:13-71:85
189                android:name="com.google.firebase.components:com.google.firebase.auth.FirebaseAuthRegistrar"
189-->[com.google.firebase:firebase-auth:22.1.2] AndroidManifest.xml:70:17-109
190                android:value="com.google.firebase.components.ComponentRegistrar" />
190-->[com.google.firebase:firebase-auth:22.1.2] AndroidManifest.xml:71:17-82
191            <meta-data
191-->[com.google.android.gms:play-services-measurement-api:21.3.0] AndroidManifest.xml:31:13-33:85
192                android:name="com.google.firebase.components:com.google.firebase.analytics.connector.internal.AnalyticsConnectorRegistrar"
192-->[com.google.android.gms:play-services-measurement-api:21.3.0] AndroidManifest.xml:32:17-139
193                android:value="com.google.firebase.components.ComponentRegistrar" />
193-->[com.google.android.gms:play-services-measurement-api:21.3.0] AndroidManifest.xml:33:17-82
194            <meta-data
194-->[com.google.firebase:firebase-installations:17.1.4] AndroidManifest.xml:15:13-17:85
195                android:name="com.google.firebase.components:com.google.firebase.installations.FirebaseInstallationsRegistrar"
195-->[com.google.firebase:firebase-installations:17.1.4] AndroidManifest.xml:16:17-127
196                android:value="com.google.firebase.components.ComponentRegistrar" />
196-->[com.google.firebase:firebase-installations:17.1.4] AndroidManifest.xml:17:17-82
197            <meta-data
197-->[com.google.firebase:firebase-common:20.4.2] AndroidManifest.xml:35:13-37:85
198                android:name="com.google.firebase.components:com.google.firebase.FirebaseCommonKtxRegistrar"
198-->[com.google.firebase:firebase-common:20.4.2] AndroidManifest.xml:36:17-109
199                android:value="com.google.firebase.components.ComponentRegistrar" />
199-->[com.google.firebase:firebase-common:20.4.2] AndroidManifest.xml:37:17-82
200        </service>
201
202        <activity
202-->[com.google.firebase:firebase-auth:22.1.2] AndroidManifest.xml:29:9-46:20
203            android:name="com.google.firebase.auth.internal.GenericIdpActivity"
203-->[com.google.firebase:firebase-auth:22.1.2] AndroidManifest.xml:30:13-80
204            android:excludeFromRecents="true"
204-->[com.google.firebase:firebase-auth:22.1.2] AndroidManifest.xml:31:13-46
205            android:exported="true"
205-->[com.google.firebase:firebase-auth:22.1.2] AndroidManifest.xml:32:13-36
206            android:launchMode="singleTask"
206-->[com.google.firebase:firebase-auth:22.1.2] AndroidManifest.xml:33:13-44
207            android:theme="@android:style/Theme.Translucent.NoTitleBar" >
207-->[com.google.firebase:firebase-auth:22.1.2] AndroidManifest.xml:34:13-72
208            <intent-filter>
208-->[com.google.firebase:firebase-auth:22.1.2] AndroidManifest.xml:35:13-45:29
209                <action android:name="android.intent.action.VIEW" />
209-->[com.firebaseui:firebase-ui-auth:7.2.0] AndroidManifest.xml:93:17-69
209-->[com.firebaseui:firebase-ui-auth:7.2.0] AndroidManifest.xml:93:25-66
210
211                <category android:name="android.intent.category.DEFAULT" />
211-->[com.firebaseui:firebase-ui-auth:7.2.0] AndroidManifest.xml:95:17-76
211-->[com.firebaseui:firebase-ui-auth:7.2.0] AndroidManifest.xml:95:27-73
212                <category android:name="android.intent.category.BROWSABLE" />
212-->[com.firebaseui:firebase-ui-auth:7.2.0] AndroidManifest.xml:96:17-78
212-->[com.firebaseui:firebase-ui-auth:7.2.0] AndroidManifest.xml:96:27-75
213
214                <data
214-->[com.firebaseui:firebase-ui-auth:7.2.0] AndroidManifest.xml:98:17-81
215                    android:host="firebase.auth"
216                    android:path="/"
217                    android:scheme="genericidp" />
217-->[com.firebaseui:firebase-ui-auth:7.2.0] AndroidManifest.xml:98:23-78
218            </intent-filter>
219        </activity>
220        <activity
220-->[com.google.firebase:firebase-auth:22.1.2] AndroidManifest.xml:47:9-64:20
221            android:name="com.google.firebase.auth.internal.RecaptchaActivity"
221-->[com.google.firebase:firebase-auth:22.1.2] AndroidManifest.xml:48:13-79
222            android:excludeFromRecents="true"
222-->[com.google.firebase:firebase-auth:22.1.2] AndroidManifest.xml:49:13-46
223            android:exported="true"
223-->[com.google.firebase:firebase-auth:22.1.2] AndroidManifest.xml:50:13-36
224            android:launchMode="singleTask"
224-->[com.google.firebase:firebase-auth:22.1.2] AndroidManifest.xml:51:13-44
225            android:theme="@android:style/Theme.Translucent.NoTitleBar" >
225-->[com.google.firebase:firebase-auth:22.1.2] AndroidManifest.xml:52:13-72
226            <intent-filter>
226-->[com.google.firebase:firebase-auth:22.1.2] AndroidManifest.xml:53:13-63:29
227                <action android:name="android.intent.action.VIEW" />
227-->[com.firebaseui:firebase-ui-auth:7.2.0] AndroidManifest.xml:93:17-69
227-->[com.firebaseui:firebase-ui-auth:7.2.0] AndroidManifest.xml:93:25-66
228
229                <category android:name="android.intent.category.DEFAULT" />
229-->[com.firebaseui:firebase-ui-auth:7.2.0] AndroidManifest.xml:95:17-76
229-->[com.firebaseui:firebase-ui-auth:7.2.0] AndroidManifest.xml:95:27-73
230                <category android:name="android.intent.category.BROWSABLE" />
230-->[com.firebaseui:firebase-ui-auth:7.2.0] AndroidManifest.xml:96:17-78
230-->[com.firebaseui:firebase-ui-auth:7.2.0] AndroidManifest.xml:96:27-75
231
232                <data
232-->[com.firebaseui:firebase-ui-auth:7.2.0] AndroidManifest.xml:98:17-81
233                    android:host="firebase.auth"
234                    android:path="/"
235                    android:scheme="recaptcha" />
235-->[com.firebaseui:firebase-ui-auth:7.2.0] AndroidManifest.xml:98:23-78
236            </intent-filter>
237        </activity>
238
239        <provider
239-->[com.google.firebase:firebase-common:20.4.2] AndroidManifest.xml:23:9-28:39
240            android:name="com.google.firebase.provider.FirebaseInitProvider"
240-->[com.google.firebase:firebase-common:20.4.2] AndroidManifest.xml:24:13-77
241            android:authorities="com.example.firebasememo.firebaseinitprovider"
241-->[com.google.firebase:firebase-common:20.4.2] AndroidManifest.xml:25:13-72
242            android:directBootAware="true"
242-->[com.google.firebase:firebase-common:20.4.2] AndroidManifest.xml:26:13-43
243            android:exported="false"
243-->[com.google.firebase:firebase-common:20.4.2] AndroidManifest.xml:27:13-37
244            android:initOrder="100" />
244-->[com.google.firebase:firebase-common:20.4.2] AndroidManifest.xml:28:13-36
245
246        <activity
246-->[com.google.android.gms:play-services-auth:20.7.0] AndroidManifest.xml:23:9-27:75
247            android:name="com.google.android.gms.auth.api.signin.internal.SignInHubActivity"
247-->[com.google.android.gms:play-services-auth:20.7.0] AndroidManifest.xml:24:13-93
248            android:excludeFromRecents="true"
248-->[com.google.android.gms:play-services-auth:20.7.0] AndroidManifest.xml:25:13-46
249            android:exported="false"
249-->[com.google.android.gms:play-services-auth:20.7.0] AndroidManifest.xml:26:13-37
250            android:theme="@android:style/Theme.Translucent.NoTitleBar" />
250-->[com.google.android.gms:play-services-auth:20.7.0] AndroidManifest.xml:27:13-72
251        <!--
252            Service handling Google Sign-In user revocation. For apps that do not integrate with
253            Google Sign-In, this service will never be started.
254        -->
255        <service